<?xml version="1.0" encoding="UTF-8"?>
<!-- Generated by org.testng.reporters.JUnitXMLReporter -->
<testsuite hostname="RVSBLR706LT" ignored="0" name="Shipment DashBoard" tests="3" failures="0" timestamp="2021-12-01T11:25:16 IST" time="241.839" errors="0">
  <testcase name="loginTest" time="16.859" classname="com.EnhancedDashBoard.TestCases.TC_LoginTest1_001"/>
  <testcase name="loginTest" time="16.783" classname="com.EnhancedDashBoard.TestCases.TC_LoginTest1_001"/>
  <testcase name="shipmentlistActivity" time="65.551" classname="com.EnhancedDashBoard.TestCases.TC_ShipmentListTest"/>
</testsuite> <!-- Shipment DashBoard -->
